-------------------------------------------------------------------------------
Test set: com.liqui.SpringMultipleDatasourceV5ApplicationTests
-------------------------------------------------------------------------------
Tests run: 1, Failures: 0, Errors: 1, Skipped: 0, Time elapsed: 2.869 s <<< FAILURE! - in com.liqui.SpringMultipleDatasourceV5ApplicationTests
contextLoads  Time elapsed: 0.014 s  <<< ERROR!
java.lang.IllegalStateException: Failed to load ApplicationContext
Caused by: org.springframework.beans.factory.BeanCreationException: Error creating bean with name 'liquibase' defined in class path resource [org/springframework/boot/autoconfigure/liquibase/LiquibaseAutoConfiguration$LiquibaseConfiguration.class]: Bean instantiation via factory method failed; nested exception is org.springframework.beans.BeanInstantiationException: Failed to instantiate [liquibase.integration.spring.SpringLiquibase]: Factory method 'liquibase' threw exception; nested exception is java.lang.NoSuchMethodError: liquibase.integration.spring.SpringLiquibase.setClearCheckSums(Z)V
Caused by: org.springframework.beans.BeanInstantiationException: Failed to instantiate [liquibase.integration.spring.SpringLiquibase]: Factory method 'liquibase' threw exception; nested exception is java.lang.NoSuchMethodError: liquibase.integration.spring.SpringLiquibase.setClearCheckSums(Z)V
Caused by: java.lang.NoSuchMethodError: liquibase.integration.spring.SpringLiquibase.setClearCheckSums(Z)V

